Outsytems/platforms/android/build/outputs/apk/manifest-merger-debug-report.txt
-- Merging decision tree log ---
manifest
ADDED from AndroidManifest.xml:2:1
	package
		ADDED from AndroidManifest.xml:3:45
		INJECTED from AndroidManifest.xml:0:0
		INJECTED from AndroidManifest.xml:0:0
	android:versionName
		ADDED from AndroidManifest.xml:2:71
	android:hardwareAccelerated
		ADDED from AndroidManifest.xml:2:11
	android:windowSoftInputMode
		ADDED from AndroidManifest.xml:3:5
	android:versionCode
		ADDED from AndroidManifest.xml:2:46
		INJECTED from AndroidManifest.xml:0:0
		INJECTED from AndroidManifest.xml:0:0
	xmlns:android
		ADDED from AndroidManifest.xml:4:5
supports-screens
ADDED from AndroidManifest.xml:5:5
	android:largeScreens
		ADDED from AndroidManifest.xml:5:49
	android:smallScreens
		ADDED from AndroidManifest.xml:6:64
	android:normalScreens
		ADDED from AndroidManifest.xml:6:9
	android:xlargeScreens
		ADDED from AndroidManifest.xml:6:92
	android:resizeable
		ADDED from AndroidManifest.xml:6:38
	android:anyDensity
		ADDED from AndroidManifest.xml:5:23
uses-permission#android.permission.INTERNET
ADDED from AndroidManifest.xml:7:5
	android:name
		ADDED from AndroidManifest.xml:7:22
uses-permission#android.permission.CAMERA
ADDED from AndroidManifest.xml:8:5
	android:name
		ADDED from AndroidManifest.xml:8:22
uses-permission#android.permission.READ_CALENDAR
ADDED from AndroidManifest.xml:9:5
	android:name
		ADDED from AndroidManifest.xml:9:22
uses-permission#android.permission.WRITE_CALENDAR
ADDED from AndroidManifest.xml:10:5
	android:name
		ADDED from AndroidManifest.xml:10:22
uses-permission#android.permission.FLASHLIGHT
ADDED from AndroidManifest.xml:11:5
	android:name
		ADDED from AndroidManifest.xml:11:22
uses-permission#android.permission.BROADCAST_STICKY
ADDED from AndroidManifest.xml:12:5
	android:name
		ADDED from AndroidManifest.xml:12:22
uses-permission#android.permission.ACCESS_NETWORK_STATE
ADDED from AndroidManifest.xml:13:5
	android:name
		ADDED from AndroidManifest.xml:13:22
uses-permission#android.permission.READ_PHONE_STATE
ADDED from AndroidManifest.xml:14:5
	android:name
		ADDED from AndroidManifest.xml:14:22
uses-permission#android.permission.GET_ACCOUNTS
ADDED from AndroidManifest.xml:15:5
	android:name
		ADDED from AndroidManifest.xml:15:22
uses-permission#android.permission.WAKE_LOCK
ADDED from AndroidManifest.xml:16:5
	android:name
		ADDED from AndroidManifest.xml:16:22
permission#com.outsystems.android.permission.C2D_MESSAGE
ADDED from AndroidManifest.xml:17:5
	android:protectionLevel
		ADDED from AndroidManifest.xml:17:78
	android:name
		ADDED from AndroidManifest.xml:17:17
uses-permission#com.outsystems.android.permission.C2D_MESSAGE
ADDED from AndroidManifest.xml:18:5
	android:name
		ADDED from AndroidManifest.xml:18:22
uses-permission#com.google.android.c2dm.permission.RECEIVE
ADDED from AndroidManifest.xml:19:5
	android:name
		ADDED from AndroidManifest.xml:19:22
uses-feature#android.hardware.camera
ADDED from AndroidManifest.xml:20:5
	android:required
		ADDED from AndroidManifest.xml:20:58
	android:name
		ADDED from AndroidManifest.xml:20:19
application
ADDED from AndroidManifest.xml:21:5
MERGED from Outsystems-app:android-support-v7-appcompat:unspecified:22:5
MERGED from Outsystems-app:MobileECT:unspecified:15:5
	android:label
		ADDED from AndroidManifest.xml:22:9
	android:hardwareAccelerated
		ADDED from AndroidManifest.xml:21:45
	android:allowBackup
		ADDED from AndroidManifest.xml:21:18
	android:name
		ADDED from AndroidManifest.xml:22:42
activity#com.outsystems.android.SplashScreen
ADDED from AndroidManifest.xml:23:9
	android:label
		ADDED from AndroidManifest.xml:24:13
	android:configChanges
		ADDED from AndroidManifest.xml:23:19
	android:theme
		ADDED from AndroidManifest.xml:24:74
	android:name
		ADDED from AndroidManifest.xml:24:46
intent-filter#android.intent.action.MAIN+android.intent.category.LAUNCHER
ADDED from AndroidManifest.xml:25:13
action#android.intent.action.MAIN
ADDED from AndroidManifest.xml:26:17
	android:name
		ADDED from AndroidManifest.xml:26:25
category#android.intent.category.LAUNCHER
ADDED from AndroidManifest.xml:27:17
	android:name
		ADDED from AndroidManifest.xml:27:27
intent-filter#android.intent.action.VIEW+android.intent.category.BROWSABLE+android.intent.category.DEFAULT
ADDED from AndroidManifest.xml:29:13
action#android.intent.action.VIEW
ADDED from AndroidManifest.xml:30:5
	android:name
		ADDED from AndroidManifest.xml:30:13
category#android.intent.category.DEFAULT
ADDED from AndroidManifest.xml:31:5
	android:name
		ADDED from AndroidManifest.xml:31:15
category#android.intent.category.BROWSABLE
ADDED from AndroidManifest.xml:32:5
	android:name
		ADDED from AndroidManifest.xml:32:15
data
ADDED from AndroidManifest.xml:33:5
	android:scheme
		ADDED from AndroidManifest.xml:33:11
activity#com.outsystems.android.BaseActivity
ADDED from AndroidManifest.xml:36:9
	android:label
		ADDED from AndroidManifest.xml:36:70
	android:parentActivityName
		ADDED from AndroidManifest.xml:36:131
	android:configChanges
		ADDED from AndroidManifest.xml:36:19
	android:theme
		ADDED from AndroidManifest.xml:36:173
	android:name
		ADDED from AndroidManifest.xml:36:103
activity#com.outsystems.android.HubAppActivity
ADDED from AndroidManifest.xml:38:9
	android:label
		ADDED from AndroidManifest.xml:38:70
	android:windowSoftInputMode
		ADDED from AndroidManifest.xml:38:165
	android:configChanges
		ADDED from AndroidManifest.xml:38:19
	android:theme
		ADDED from AndroidManifest.xml:38:133
	android:name
		ADDED from AndroidManifest.xml:38:103
intent-filter#android.intent.category.DEFAULT+com.outsystems.android.MESSAGE
ADDED from AndroidManifest.xml:39:13
action#com.outsystems.android.MESSAGE
ADDED from AndroidManifest.xml:40:17
	android:name
		ADDED from AndroidManifest.xml:40:25
activity#com.outsystems.android.LoginActivity
ADDED from AndroidManifest.xml:46:9
	android:label
		ADDED from AndroidManifest.xml:46:70
	android:parentActivityName
		ADDED from AndroidManifest.xml:46:132
	android:configChanges
		ADDED from AndroidManifest.xml:46:19
	android:theme
		ADDED from AndroidManifest.xml:46:176
	android:name
		ADDED from AndroidManifest.xml:46:103
activity#com.outsystems.android.ApplicationsActivity
ADDED from AndroidManifest.xml:49:9
	android:label
		ADDED from AndroidManifest.xml:49:70
	android:parentActivityName
		ADDED from AndroidManifest.xml:50:13
	android:configChanges
		ADDED from AndroidManifest.xml:49:19
	android:theme
		ADDED from AndroidManifest.xml:50:57
	android:name
		ADDED from AndroidManifest.xml:49:103
activity#com.outsystems.android.WebApplicationActivity
ADDED from AndroidManifest.xml:52:9
	android:label
		ADDED from AndroidManifest.xml:52:97
	android:windowSoftInputMode
		ADDED from AndroidManifest.xml:52:200
	android:configChanges
		ADDED from AndroidManifest.xml:52:19
	android:theme
		ADDED from AndroidManifest.xml:52:168
	android:name
		ADDED from AndroidManifest.xml:52:130
activity#com.google.zxing.client.android.CaptureActivity
ADDED from AndroidManifest.xml:54:9
	android:clearTaskOnLaunch
		ADDED from AndroidManifest.xml:54:19
	android:screenOrientation
		ADDED from AndroidManifest.xml:54:191
	android:exported
		ADDED from AndroidManifest.xml:54:103
	android:windowSoftInputMode
		ADDED from AndroidManifest.xml:54:288
	android:configChanges
		ADDED from AndroidManifest.xml:54:52
	android:theme
		ADDED from AndroidManifest.xml:54:229
	android:name
		ADDED from AndroidManifest.xml:54:128
intent-filter#android.intent.category.DEFAULT+com.phonegap.plugins.barcodescanner.SCAN
ADDED from AndroidManifest.xml:55:13
action#com.phonegap.plugins.barcodescanner.SCAN
ADDED from AndroidManifest.xml:56:17
	android:name
		ADDED from AndroidManifest.xml:56:25
activity#com.google.zxing.client.android.encode.EncodeActivity
ADDED from AndroidManifest.xml:60:9
	android:label
		ADDED from AndroidManifest.xml:60:19
	android:name
		ADDED from AndroidManifest.xml:60:54
intent-filter#android.intent.category.DEFAULT+com.phonegap.plugins.barcodescanner.ENCODE
ADDED from AndroidManifest.xml:61:13
action#com.phonegap.plugins.barcodescanner.ENCODE
ADDED from AndroidManifest.xml:62:17
	android:name
		ADDED from AndroidManifest.xml:62:25
activity#com.google.zxing.client.android.HelpActivity
ADDED from AndroidManifest.xml:66:9
	android:label
		ADDED from AndroidManifest.xml:66:19
	android:name
		ADDED from AndroidManifest.xml:66:54
intent-filter#android.intent.action.VIEW+android.intent.category.DEFAULT
ADDED from AndroidManifest.xml:67:13
activity#com.arellomobile.android.push.PushWebview
ADDED from AndroidManifest.xml:72:9
	android:name
		ADDED from AndroidManifest.xml:72:19
activity#com.arellomobile.android.push.MessageActivity
ADDED from AndroidManifest.xml:73:9
	android:name
		ADDED from AndroidManifest.xml:73:19
activity#com.arellomobile.android.push.PushHandlerActivity
ADDED from AndroidManifest.xml:74:9
	android:name
		ADDED from AndroidManifest.xml:74:19
receiver#com.google.android.gcm.GCMBroadcastReceiver
ADDED from AndroidManifest.xml:75:9
	android:permission
		ADDED from AndroidManifest.xml:75:78
	android:name
		ADDED from AndroidManifest.xml:75:19
intent-filter#com.google.android.c2dm.intent.RECEIVE+com.google.android.c2dm.intent.REGISTRATION+com.outsystems.android
ADDED from AndroidManifest.xml:76:13
action#com.google.android.c2dm.intent.RECEIVE
ADDED from AndroidManifest.xml:77:17
	android:name
		ADDED from AndroidManifest.xml:77:25
action#com.google.android.c2dm.intent.REGISTRATION
ADDED from AndroidManifest.xml:78:17
	android:name
		ADDED from AndroidManifest.xml:78:25
category#com.outsystems.android
ADDED from AndroidManifest.xml:79:17
	android:name
		ADDED from AndroidManifest.xml:79:27
service#com.arellomobile.android.push.PushGCMIntentService
ADDED from AndroidManifest.xml:82:9
	android:name
		ADDED from AndroidManifest.xml:82:18
meta-data#com.crashlytics.ApiKey
ADDED from AndroidManifest.xml:83:9
	android:value
		ADDED from AndroidManifest.xml:83:58
	android:name
		ADDED from AndroidManifest.xml:83:20
meta-data#PW_APPID
ADDED from AndroidManifest.xml:84:9
	android:value
		ADDED from AndroidManifest.xml:84:44
	android:name
		ADDED from AndroidManifest.xml:84:20
meta-data#PW_PROJECT_ID
ADDED from AndroidManifest.xml:85:9
	android:value
		ADDED from AndroidManifest.xml:85:49
	android:name
		ADDED from AndroidManifest.xml:85:20
uses-sdk
ADDED from AndroidManifest.xml:87:5
MERGED from Outsystems-app.OutSytems.platforms.android:CordovaLib:unspecified:25:5
MERGED from Outsystems-app:AndroidUniversalImageLoaderLib:unspecified:7:5
MERGED from Outsystems-app:android-support-v7-appcompat:unspecified:20:5
MERGED from Outsystems-app:MobileECT:unspecified:7:5
	android:targetSdkVersion
		ADDED from AndroidManifest.xml:87:42
	android:minSdkVersion
		ADDED from AndroidManifest.xml:87:15
uses-permission#android.permission.READ_CONTACTS
ADDED from AndroidManifest.xml:88:5
	android:name
		ADDED from AndroidManifest.xml:88:22
uses-permission#android.permission.WRITE_CONTACTS
ADDED from AndroidManifest.xml:89:5
	android:name
		ADDED from AndroidManifest.xml:89:22
uses-permission#android.permission.ACCESS_COARSE_LOCATION
ADDED from AndroidManifest.xml:90:5
	android:name
		ADDED from AndroidManifest.xml:90:22
uses-permission#android.permission.ACCESS_FINE_LOCATION
ADDED from AndroidManifest.xml:91:5
	android:name
		ADDED from AndroidManifest.xml:91:22
uses-permission#android.permission.WRITE_EXTERNAL_STORAGE
ADDED from AndroidManifest.xml:92:5
MERGED from Outsystems-app:MobileECT:unspecified:12:5
	android:name
		ADDED from AndroidManifest.xml:92:22
uses-permission#android.permission.READ_EXTERNAL_STORAGE
ADDED from AndroidManifest.xml:94:5
MERGED from Outsystems-app:MobileECT:unspecified:11:5
	android:name
		ADDED from AndroidManifest.xml:94:22
uses-permission#android.permission.RECORD_AUDIO
ADDED from AndroidManifest.xml:95:5
MERGED from Outsystems-app:MobileECT:unspecified:13:5
	android:name
		ADDED from AndroidManifest.xml:95:22